<?xml version="1.0" encoding="UTF-8"?>
<!-- Generated by org.testng.reporters.JUnitXMLReporter -->
<testsuite ignored="3" hostname="DESKTOP-170BC9A" failures="0" tests="4" name="Test" time="58.118" errors="0" timestamp="2025-04-26T15:01:34 IST">
  <testcase classname="TestNG.TestNG_91_Test_Groups" name="facebook" time="2.95"/>
  <testcase classname="TestNG.TestNG_91_Test_Groups" name="swiggy" time="32.388"/>
  <testcase classname="TestNG.TestNG_91_Test_Groups" name="twitter" time="13.464"/>
  <testcase classname="TestNG.TestNG_91_Test_Groups" name="zomato" time="6.878"/>
  <testcase classname="TestNG.TestNG_91_Test_Groups" name="selenium" time="0.0">
    <ignored/>
  </testcase> <!-- selenium -->
  <testcase classname="TestNG.TestNG_91_Test_Groups" name="redmine" time="0.0">
    <ignored/>
  </testcase> <!-- redmine -->
  <testcase classname="TestNG.TestNG_91_Test_Groups" name="google" time="0.0">
    <ignored/>
  </testcase> <!-- google -->
</testsuite> <!-- Test -->
