<?xml version="1.0" encoding="UTF-8"?>
<!-- Generated by org.testng.reporters.JUnitXMLReporter -->
<testsuite ignored="3" hostname="DESKTOP-170BC9A" failures="0" tests="5" name="Default test" time="20.804" errors="0" timestamp="2025-04-23T10:41:07 IST">
  <testcase classname="TestNG.TestNG_4_TCs_Skip_Ignore_Disabled" name="twitter" time="7.21"/>
  <testcase classname="TestNG.TestNG_4_TCs_Skip_Ignore_Disabled" name="google" time="2.489"/>
  <testcase classname="TestNG.TestNG_4_TCs_Skip_Ignore_Disabled" name="selenium" time="1.162"/>
  <testcase classname="TestNG.TestNG_4_TCs_Skip_Ignore_Disabled" name="facebook" time="1.568"/>
  <testcase classname="TestNG.TestNG_4_TCs_Skip_Ignore_Disabled" name="swiggy" time="5.304"/>
  <testcase classname="TestNG.TestNG_4_TCs_Skip_Ignore_Disabled" name="zomato" time="0.0">
    <ignored/>
  </testcase> <!-- zomato -->
  <testcase classname="TestNG.TestNG_4_TCs_Skip_Ignore_Disabled" name="redmine" time="0.0">
    <ignored/>
  </testcase> <!-- redmine -->
  <testcase classname="TestNG.TestNG_4_TCs_Skip_Ignore_Disabled" name="zomato1" time="0.0">
    <ignored/>
  </testcase> <!-- zomato1 -->
</testsuite> <!-- Default test -->
