<?xml version="1.0" encoding="UTF-8"?>
<testng-results ignored="0" total="1" passed="1" failed="0" skipped="0">
  <reporter-output>
  </reporter-output>
  <suite started-at="2025-05-14T12:20:47 IST" name="Default suite" finished-at="2025-05-14T12:21:21 IST" duration-ms="34293">
    <groups>
    </groups>
    <test started-at="2025-05-14T12:20:47 IST" name="Default test" finished-at="2025-05-14T12:21:21 IST" duration-ms="34293">
      <class name="PopupAlerts.ABCXYZ">
        <test-method is-config="true" signature="beforeTest()[pri:0, instance:PopupAlerts.ABCXYZ@1ff4931d]" started-at="2025-05-14T12:20:47 IST" name="beforeTest" finished-at="2025-05-14T12:20:50 IST" duration-ms="3418" status="PASS">
          <reporter-output>
          </reporter-output>
        </test-method> <!-- beforeTest -->
        <test-method signature="techlearnhomepage()[pri:0, instance:PopupAlerts.ABCXYZ@1ff4931d]" started-at="2025-05-14T12:20:50 IST" name="techlearnhomepage" finished-at="2025-05-14T12:21:21 IST" duration-ms="30799" status="PASS">
          <reporter-output>
          </reporter-output>
        </test-method> <!-- techlearnhomepage -->
      </class> <!-- PopupAlerts.ABCXYZ -->
    </test> <!-- Default test -->
  </suite> <!-- Default suite -->
</testng-results>
