<?xml version="1.0" encoding="UTF-8"?>
<testng-results ignored="0" total="1" passed="1" failed="0" skipped="0">
  <reporter-output>
  </reporter-output>
  <suite started-at="2025-05-14T10:50:25 IST" name="Default suite" finished-at="2025-05-14T10:50:35 IST" duration-ms="10360">
    <groups>
    </groups>
    <test started-at="2025-05-14T10:50:25 IST" name="Default test" finished-at="2025-05-14T10:50:35 IST" duration-ms="10360">
      <class name="Selectescreenshot.TimeformateScreenshot">
        <test-method is-config="true" signature="beforeTest()[pri:0, instance:Selectescreenshot.TimeformateScreenshot@2925bf5b]" started-at="2025-05-14T10:50:25 IST" name="beforeTest" finished-at="2025-05-14T10:50:29 IST" duration-ms="4543" status="PASS">
          <reporter-output>
          </reporter-output>
        </test-method> <!-- beforeTest -->
        <test-method signature="techlearserch()[pri:0, instance:Selectescreenshot.TimeformateScreenshot@2925bf5b]" started-at="2025-05-14T10:50:29 IST" name="techlearserch" finished-at="2025-05-14T10:50:35 IST" duration-ms="5747" status="PASS">
          <reporter-output>
          </reporter-output>
        </test-method> <!-- techlearserch -->
      </class> <!-- Selectescreenshot.TimeformateScreenshot -->
    </test> <!-- Default test -->
  </suite> <!-- Default suite -->
</testng-results>
